[2024-07-24T04:17:56.585+0000] {local_task_job_runner.py:120} INFO - ::group::Pre task execution logs
[2024-07-24T04:17:56.683+0000] {taskinstance.py:2076} INFO - Dependencies all met for dep_context=non-requeueable deps ti=<TaskInstance: example_bash_decorator.runme_1 manual__2024-07-24T04:17:47.286171+00:00 [queued]>
[2024-07-24T04:17:56.715+0000] {taskinstance.py:2076} INFO - Dependencies all met for dep_context=requeueable deps ti=<TaskInstance: example_bash_decorator.runme_1 manual__2024-07-24T04:17:47.286171+00:00 [queued]>
[2024-07-24T04:17:56.715+0000] {taskinstance.py:2306} INFO - Starting attempt 1 of 1
[2024-07-24T04:17:56.766+0000] {taskinstance.py:2330} INFO - Executing <Task(_BashDecoratedOperator): runme_1> on 2024-07-24 04:17:47.286171+00:00
[2024-07-24T04:17:56.795+0000] {warnings.py:112} WARNING - /home/***/.local/lib/python3.12/site-packages/***/task/task_runner/standard_task_runner.py:62: DeprecationWarning: This process (pid=82) is multi-threaded, use of fork() may lead to deadlocks in the child.
  pid = os.fork()

[2024-07-24T04:17:56.813+0000] {standard_task_runner.py:64} INFO - Started process 102 to run task
[2024-07-24T04:17:56.826+0000] {standard_task_runner.py:90} INFO - Running: ['***', 'tasks', 'run', 'example_bash_decorator', 'runme_1', 'manual__2024-07-24T04:17:47.286171+00:00', '--job-id', '8', '--raw', '--subdir', '/home/***/.local/lib/python3.12/site-packages/***/example_dags/example_bash_decorator.py', '--cfg-path', '/tmp/tmpp3u0gqrs']
[2024-07-24T04:17:56.870+0000] {standard_task_runner.py:91} INFO - Job 8: Subtask runme_1
[2024-07-24T04:17:57.139+0000] {task_command.py:426} INFO - Running <TaskInstance: example_bash_decorator.runme_1 manual__2024-07-24T04:17:47.286171+00:00 [running]> on host 4216da14c098
[2024-07-24T04:17:57.510+0000] {taskinstance.py:2648} INFO - Exporting env vars: AIRFLOW_CTX_DAG_OWNER='***' AIRFLOW_CTX_DAG_ID='example_bash_decorator' AIRFLOW_CTX_TASK_ID='runme_1' AIRFLOW_CTX_EXECUTION_DATE='2024-07-24T04:17:47.286171+00:00' AIRFLOW_CTX_TRY_NUMBER='1' AIRFLOW_CTX_DAG_RUN_ID='manual__2024-07-24T04:17:47.286171+00:00'
[2024-07-24T04:17:57.513+0000] {taskinstance.py:430} INFO - ::endgroup::
[2024-07-24T04:17:57.666+0000] {subprocess.py:63} INFO - Tmp dir root location: /tmp
[2024-07-24T04:17:57.667+0000] {subprocess.py:75} INFO - Running command: ['/usr/bin/bash', '-c', 'echo example_bash_decorator__runme_1__20240724 && sleep 1']
[2024-07-24T04:17:57.716+0000] {subprocess.py:86} INFO - Output:
[2024-07-24T04:17:57.723+0000] {subprocess.py:93} INFO - example_bash_decorator__runme_1__20240724
[2024-07-24T04:17:58.732+0000] {subprocess.py:97} INFO - Command exited with return code 0
[2024-07-24T04:17:58.733+0000] {taskinstance.py:441} INFO - ::group::Post task execution logs
[2024-07-24T04:17:58.778+0000] {taskinstance.py:1206} INFO - Marking task as SUCCESS. dag_id=example_bash_decorator, task_id=runme_1, run_id=manual__2024-07-24T04:17:47.286171+00:00, execution_date=20240724T041747, start_date=20240724T041756, end_date=20240724T041758
[2024-07-24T04:17:58.824+0000] {local_task_job_runner.py:243} INFO - Task exited with return code 0
[2024-07-24T04:17:58.848+0000] {taskinstance.py:3503} INFO - 0 downstream tasks scheduled from follow-on schedule check
[2024-07-24T04:17:58.852+0000] {local_task_job_runner.py:222} INFO - ::endgroup::
