[2024-07-24T09:52:58.460+0000] {local_task_job_runner.py:120} INFO - ::group::Pre task execution logs
[2024-07-24T09:52:58.568+0000] {taskinstance.py:2076} INFO - Dependencies all met for dep_context=non-requeueable deps ti=<TaskInstance: ETL_Fraud.gRPC_connection scheduled__2024-07-24T02:40:00+00:00 [queued]>
[2024-07-24T09:52:58.596+0000] {taskinstance.py:2076} INFO - Dependencies all met for dep_context=requeueable deps ti=<TaskInstance: ETL_Fraud.gRPC_connection scheduled__2024-07-24T02:40:00+00:00 [queued]>
[2024-07-24T09:52:58.596+0000] {taskinstance.py:2306} INFO - Starting attempt 1 of 2
[2024-07-24T09:52:58.645+0000] {taskinstance.py:2330} INFO - Executing <Task(BashOperator): gRPC_connection> on 2024-07-24 02:40:00+00:00
[2024-07-24T09:52:58.661+0000] {warnings.py:112} WARNING - /home/***/.local/lib/python3.12/site-packages/***/task/task_runner/standard_task_runner.py:62: DeprecationWarning: This process (pid=370) is multi-threaded, use of fork() may lead to deadlocks in the child.
  pid = os.fork()

[2024-07-24T09:52:58.663+0000] {standard_task_runner.py:64} INFO - Started process 418 to run task
[2024-07-24T09:52:58.679+0000] {standard_task_runner.py:90} INFO - Running: ['***', 'tasks', 'run', 'ETL_Fraud', 'gRPC_connection', 'scheduled__2024-07-24T02:40:00+00:00', '--job-id', '86', '--raw', '--subdir', 'DAGS_FOLDER/server_DAG.py', '--cfg-path', '/tmp/tmpkiv0uy1h']
[2024-07-24T09:52:58.696+0000] {standard_task_runner.py:91} INFO - Job 86: Subtask gRPC_connection
[2024-07-24T09:52:58.936+0000] {task_command.py:426} INFO - Running <TaskInstance: ETL_Fraud.gRPC_connection scheduled__2024-07-24T02:40:00+00:00 [running]> on host 0542575fe516
[2024-07-24T09:52:59.597+0000] {taskinstance.py:2648} INFO - Exporting env vars: AIRFLOW_CTX_DAG_EMAIL='test@test.com' AIRFLOW_CTX_DAG_OWNER='fraud_detector' AIRFLOW_CTX_DAG_ID='ETL_Fraud' AIRFLOW_CTX_TASK_ID='gRPC_connection' AIRFLOW_CTX_EXECUTION_DATE='2024-07-24T02:40:00+00:00' AIRFLOW_CTX_TRY_NUMBER='1' AIRFLOW_CTX_DAG_RUN_ID='scheduled__2024-07-24T02:40:00+00:00'
[2024-07-24T09:52:59.608+0000] {taskinstance.py:430} INFO - ::endgroup::
[2024-07-24T09:52:59.620+0000] {subprocess.py:63} INFO - Tmp dir root location: /tmp
[2024-07-24T09:52:59.636+0000] {subprocess.py:75} INFO - Running command: ['/usr/bin/bash', '-c', 'echo "gRPC_connection"']
[2024-07-24T09:52:59.736+0000] {subprocess.py:86} INFO - Output:
[2024-07-24T09:52:59.753+0000] {subprocess.py:93} INFO - gRPC_connection
[2024-07-24T09:52:59.754+0000] {subprocess.py:97} INFO - Command exited with return code 0
[2024-07-24T09:52:59.755+0000] {taskinstance.py:441} INFO - ::group::Post task execution logs
[2024-07-24T09:52:59.901+0000] {taskinstance.py:1206} INFO - Marking task as SUCCESS. dag_id=ETL_Fraud, task_id=gRPC_connection, run_id=scheduled__2024-07-24T02:40:00+00:00, execution_date=20240724T024000, start_date=20240724T095258, end_date=20240724T095259
[2024-07-24T09:53:00.139+0000] {local_task_job_runner.py:243} INFO - Task exited with return code 0
[2024-07-24T09:53:00.163+0000] {taskinstance.py:3503} INFO - 0 downstream tasks scheduled from follow-on schedule check
[2024-07-24T09:53:00.167+0000] {local_task_job_runner.py:222} INFO - ::endgroup::
