[2024-07-24T04:18:00.782+0000] {local_task_job_runner.py:120} INFO - ::group::Pre task execution logs
[2024-07-24T04:18:00.807+0000] {taskinstance.py:2076} INFO - Dependencies all met for dep_context=non-requeueable deps ti=<TaskInstance: ETL-download.download manual__2024-07-24T04:17:58.701076+00:00 [queued]>
[2024-07-24T04:18:00.815+0000] {taskinstance.py:2076} INFO - Dependencies all met for dep_context=requeueable deps ti=<TaskInstance: ETL-download.download manual__2024-07-24T04:17:58.701076+00:00 [queued]>
[2024-07-24T04:18:00.815+0000] {taskinstance.py:2306} INFO - Starting attempt 1 of 2
[2024-07-24T04:18:00.830+0000] {taskinstance.py:2330} INFO - Executing <Task(BashOperator): download> on 2024-07-24 04:17:58.701076+00:00
[2024-07-24T04:18:00.836+0000] {warnings.py:112} WARNING - /home/***/.local/lib/python3.12/site-packages/***/task/task_runner/standard_task_runner.py:62: DeprecationWarning: This process (pid=122) is multi-threaded, use of fork() may lead to deadlocks in the child.
  pid = os.fork()

[2024-07-24T04:18:00.838+0000] {standard_task_runner.py:64} INFO - Started process 125 to run task
[2024-07-24T04:18:00.843+0000] {standard_task_runner.py:90} INFO - Running: ['***', 'tasks', 'run', 'ETL-download', 'download', 'manual__2024-07-24T04:17:58.701076+00:00', '--job-id', '17', '--raw', '--subdir', 'DAGS_FOLDER/ETL_Server_Access_Log_Processing.py', '--cfg-path', '/tmp/tmpwf3wk65r']
[2024-07-24T04:18:00.845+0000] {standard_task_runner.py:91} INFO - Job 17: Subtask download
[2024-07-24T04:18:00.896+0000] {task_command.py:426} INFO - Running <TaskInstance: ETL-download.download manual__2024-07-24T04:17:58.701076+00:00 [running]> on host 4216da14c098
[2024-07-24T04:18:00.997+0000] {taskinstance.py:2648} INFO - Exporting env vars: AIRFLOW_CTX_DAG_EMAIL='test@test.com' AIRFLOW_CTX_DAG_OWNER='ETL' AIRFLOW_CTX_DAG_ID='ETL-download' AIRFLOW_CTX_TASK_ID='download' AIRFLOW_CTX_EXECUTION_DATE='2024-07-24T04:17:58.701076+00:00' AIRFLOW_CTX_TRY_NUMBER='1' AIRFLOW_CTX_DAG_RUN_ID='manual__2024-07-24T04:17:58.701076+00:00'
[2024-07-24T04:18:00.999+0000] {taskinstance.py:430} INFO - ::endgroup::
[2024-07-24T04:18:01.000+0000] {subprocess.py:63} INFO - Tmp dir root location: /tmp
[2024-07-24T04:18:01.000+0000] {subprocess.py:75} INFO - Running command: ['/usr/bin/bash', '-c', 'curl "https://cf-courses-data.s3.us.cloud-object-storage.appdomain.cloud/IBM-DB0250EN-SkillsNetwork/labs/Apache%20Airflow/Build%20a%20DAG%20using%20Airflow/web-server-access-log.txt" -o /home/***/web-server-access-log.txt']
[2024-07-24T04:18:01.020+0000] {subprocess.py:86} INFO - Output:
[2024-07-24T04:18:01.036+0000] {subprocess.py:93} INFO -   % Total    % Received % Xferd  Average Speed   Time    Time     Time  Current
[2024-07-24T04:18:01.038+0000] {subprocess.py:93} INFO -                                  Dload  Upload   Total   Spent    Left  Speed
[2024-07-24T04:18:03.513+0000] {subprocess.py:93} INFO -   0     0    0     0    0     0      0      0 --:--:-- --:--:-- --:--:--     0  0     0    0     0    0     0      0      0 --:--:-- --:--:-- --:--:--     0  0     0    0     0    0     0      0      0 --:--:--  0:00:01 --:--:--     0100  8351  100  8351    0     0   3376      0  0:00:02  0:00:02 --:--:--  3376
[2024-07-24T04:18:03.516+0000] {subprocess.py:97} INFO - Command exited with return code 0
[2024-07-24T04:18:03.516+0000] {taskinstance.py:441} INFO - ::group::Post task execution logs
[2024-07-24T04:18:03.541+0000] {taskinstance.py:1206} INFO - Marking task as SUCCESS. dag_id=ETL-download, task_id=download, run_id=manual__2024-07-24T04:17:58.701076+00:00, execution_date=20240724T041758, start_date=20240724T041800, end_date=20240724T041803
[2024-07-24T04:18:03.592+0000] {local_task_job_runner.py:243} INFO - Task exited with return code 0
[2024-07-24T04:18:03.619+0000] {taskinstance.py:3503} INFO - 1 downstream tasks scheduled from follow-on schedule check
[2024-07-24T04:18:03.620+0000] {local_task_job_runner.py:222} INFO - ::endgroup::
