[2024-07-24T09:54:21.546+0000] {local_task_job_runner.py:120} INFO - ::group::Pre task execution logs
[2024-07-24T09:54:21.603+0000] {taskinstance.py:2076} INFO - Dependencies all met for dep_context=non-requeueable deps ti=<TaskInstance: ETL_Fraud.gRPC_connection scheduled__2024-07-24T07:55:00+00:00 [queued]>
[2024-07-24T09:54:21.616+0000] {taskinstance.py:2076} INFO - Dependencies all met for dep_context=requeueable deps ti=<TaskInstance: ETL_Fraud.gRPC_connection scheduled__2024-07-24T07:55:00+00:00 [queued]>
[2024-07-24T09:54:21.616+0000] {taskinstance.py:2306} INFO - Starting attempt 1 of 2
[2024-07-24T09:54:21.637+0000] {taskinstance.py:2330} INFO - Executing <Task(BashOperator): gRPC_connection> on 2024-07-24 07:55:00+00:00
[2024-07-24T09:54:21.646+0000] {warnings.py:112} WARNING - /home/***/.local/lib/python3.12/site-packages/***/task/task_runner/standard_task_runner.py:62: DeprecationWarning: This process (pid=830) is multi-threaded, use of fork() may lead to deadlocks in the child.
  pid = os.fork()

[2024-07-24T09:54:21.651+0000] {standard_task_runner.py:64} INFO - Started process 871 to run task
[2024-07-24T09:54:21.671+0000] {standard_task_runner.py:90} INFO - Running: ['***', 'tasks', 'run', 'ETL_Fraud', 'gRPC_connection', 'scheduled__2024-07-24T07:55:00+00:00', '--job-id', '197', '--raw', '--subdir', 'DAGS_FOLDER/server_DAG.py', '--cfg-path', '/tmp/tmputl_b9rp']
[2024-07-24T09:54:21.681+0000] {standard_task_runner.py:91} INFO - Job 197: Subtask gRPC_connection
[2024-07-24T09:54:21.771+0000] {task_command.py:426} INFO - Running <TaskInstance: ETL_Fraud.gRPC_connection scheduled__2024-07-24T07:55:00+00:00 [running]> on host 0542575fe516
[2024-07-24T09:54:21.926+0000] {taskinstance.py:2648} INFO - Exporting env vars: AIRFLOW_CTX_DAG_EMAIL='test@test.com' AIRFLOW_CTX_DAG_OWNER='fraud_detector' AIRFLOW_CTX_DAG_ID='ETL_Fraud' AIRFLOW_CTX_TASK_ID='gRPC_connection' AIRFLOW_CTX_EXECUTION_DATE='2024-07-24T07:55:00+00:00' AIRFLOW_CTX_TRY_NUMBER='1' AIRFLOW_CTX_DAG_RUN_ID='scheduled__2024-07-24T07:55:00+00:00'
[2024-07-24T09:54:21.929+0000] {taskinstance.py:430} INFO - ::endgroup::
[2024-07-24T09:54:21.930+0000] {subprocess.py:63} INFO - Tmp dir root location: /tmp
[2024-07-24T09:54:21.931+0000] {subprocess.py:75} INFO - Running command: ['/usr/bin/bash', '-c', 'echo "gRPC_connection"']
[2024-07-24T09:54:21.947+0000] {subprocess.py:86} INFO - Output:
[2024-07-24T09:54:21.951+0000] {subprocess.py:93} INFO - gRPC_connection
[2024-07-24T09:54:21.951+0000] {subprocess.py:97} INFO - Command exited with return code 0
[2024-07-24T09:54:21.952+0000] {taskinstance.py:441} INFO - ::group::Post task execution logs
[2024-07-24T09:54:21.980+0000] {taskinstance.py:1206} INFO - Marking task as SUCCESS. dag_id=ETL_Fraud, task_id=gRPC_connection, run_id=scheduled__2024-07-24T07:55:00+00:00, execution_date=20240724T075500, start_date=20240724T095421, end_date=20240724T095421
[2024-07-24T09:54:22.032+0000] {local_task_job_runner.py:243} INFO - Task exited with return code 0
[2024-07-24T09:54:22.051+0000] {taskinstance.py:3503} INFO - 0 downstream tasks scheduled from follow-on schedule check
[2024-07-24T09:54:22.056+0000] {local_task_job_runner.py:222} INFO - ::endgroup::
