[2024-07-24T04:18:05.705+0000] {local_task_job_runner.py:120} INFO - ::group::Pre task execution logs
[2024-07-24T04:18:05.729+0000] {taskinstance.py:2076} INFO - Dependencies all met for dep_context=non-requeueable deps ti=<TaskInstance: ETL-download.extract manual__2024-07-24T04:17:58.701076+00:00 [queued]>
[2024-07-24T04:18:05.737+0000] {taskinstance.py:2076} INFO - Dependencies all met for dep_context=requeueable deps ti=<TaskInstance: ETL-download.extract manual__2024-07-24T04:17:58.701076+00:00 [queued]>
[2024-07-24T04:18:05.737+0000] {taskinstance.py:2306} INFO - Starting attempt 1 of 2
[2024-07-24T04:18:05.749+0000] {taskinstance.py:2330} INFO - Executing <Task(BashOperator): extract> on 2024-07-24 04:17:58.701076+00:00
[2024-07-24T04:18:05.755+0000] {warnings.py:112} WARNING - /home/***/.local/lib/python3.12/site-packages/***/task/task_runner/standard_task_runner.py:62: DeprecationWarning: This process (pid=131) is multi-threaded, use of fork() may lead to deadlocks in the child.
  pid = os.fork()

[2024-07-24T04:18:05.757+0000] {standard_task_runner.py:64} INFO - Started process 133 to run task
[2024-07-24T04:18:05.757+0000] {standard_task_runner.py:90} INFO - Running: ['***', 'tasks', 'run', 'ETL-download', 'extract', 'manual__2024-07-24T04:17:58.701076+00:00', '--job-id', '19', '--raw', '--subdir', 'DAGS_FOLDER/ETL_Server_Access_Log_Processing.py', '--cfg-path', '/tmp/tmp525dlv_7']
[2024-07-24T04:18:05.760+0000] {standard_task_runner.py:91} INFO - Job 19: Subtask extract
[2024-07-24T04:18:05.806+0000] {task_command.py:426} INFO - Running <TaskInstance: ETL-download.extract manual__2024-07-24T04:17:58.701076+00:00 [running]> on host 4216da14c098
[2024-07-24T04:18:05.886+0000] {taskinstance.py:2648} INFO - Exporting env vars: AIRFLOW_CTX_DAG_EMAIL='test@test.com' AIRFLOW_CTX_DAG_OWNER='ETL' AIRFLOW_CTX_DAG_ID='ETL-download' AIRFLOW_CTX_TASK_ID='extract' AIRFLOW_CTX_EXECUTION_DATE='2024-07-24T04:17:58.701076+00:00' AIRFLOW_CTX_TRY_NUMBER='1' AIRFLOW_CTX_DAG_RUN_ID='manual__2024-07-24T04:17:58.701076+00:00'
[2024-07-24T04:18:05.888+0000] {taskinstance.py:430} INFO - ::endgroup::
[2024-07-24T04:18:05.888+0000] {subprocess.py:63} INFO - Tmp dir root location: /tmp
[2024-07-24T04:18:05.889+0000] {subprocess.py:75} INFO - Running command: ['/usr/bin/bash', '-c', 'cut -f1,4 -d"#" /home/***/web-server-access-log.txt > /home/***/extracted.txt']
[2024-07-24T04:18:05.900+0000] {subprocess.py:86} INFO - Output:
[2024-07-24T04:18:06.142+0000] {subprocess.py:97} INFO - Command exited with return code 0
[2024-07-24T04:18:06.145+0000] {taskinstance.py:441} INFO - ::group::Post task execution logs
[2024-07-24T04:18:06.195+0000] {taskinstance.py:1206} INFO - Marking task as SUCCESS. dag_id=ETL-download, task_id=extract, run_id=manual__2024-07-24T04:17:58.701076+00:00, execution_date=20240724T041758, start_date=20240724T041805, end_date=20240724T041806
[2024-07-24T04:18:06.243+0000] {local_task_job_runner.py:243} INFO - Task exited with return code 0
[2024-07-24T04:18:06.270+0000] {taskinstance.py:3503} INFO - 1 downstream tasks scheduled from follow-on schedule check
[2024-07-24T04:18:06.271+0000] {local_task_job_runner.py:222} INFO - ::endgroup::
