[2024-07-24T05:36:59.998+0000] {local_task_job_runner.py:120} INFO - ::group::Pre task execution logs
[2024-07-24T05:37:00.200+0000] {taskinstance.py:2076} INFO - Dependencies all met for dep_context=non-requeueable deps ti=<TaskInstance: ETL_Fraud.database_connection scheduled__2024-07-24T00:35:00+00:00 [queued]>
[2024-07-24T05:37:00.251+0000] {taskinstance.py:2076} INFO - Dependencies all met for dep_context=requeueable deps ti=<TaskInstance: ETL_Fraud.database_connection scheduled__2024-07-24T00:35:00+00:00 [queued]>
[2024-07-24T05:37:00.251+0000] {taskinstance.py:2306} INFO - Starting attempt 1 of 2
[2024-07-24T05:37:00.311+0000] {taskinstance.py:2330} INFO - Executing <Task(BashOperator): database_connection> on 2024-07-24 00:35:00+00:00
[2024-07-24T05:37:00.350+0000] {warnings.py:112} WARNING - /home/***/.local/lib/python3.12/site-packages/***/task/task_runner/standard_task_runner.py:62: DeprecationWarning: This process (pid=62) is multi-threaded, use of fork() may lead to deadlocks in the child.
  pid = os.fork()

[2024-07-24T05:37:00.352+0000] {standard_task_runner.py:64} INFO - Started process 91 to run task
[2024-07-24T05:37:00.369+0000] {standard_task_runner.py:90} INFO - Running: ['***', 'tasks', 'run', 'ETL_Fraud', 'database_connection', 'scheduled__2024-07-24T00:35:00+00:00', '--job-id', '6', '--raw', '--subdir', 'DAGS_FOLDER/server_DAG.py', '--cfg-path', '/tmp/tmp2o3opf8k']
[2024-07-24T05:37:00.384+0000] {standard_task_runner.py:91} INFO - Job 6: Subtask database_connection
[2024-07-24T05:37:01.395+0000] {task_command.py:426} INFO - Running <TaskInstance: ETL_Fraud.database_connection scheduled__2024-07-24T00:35:00+00:00 [running]> on host fc934038a502
[2024-07-24T05:37:01.796+0000] {taskinstance.py:2648} INFO - Exporting env vars: AIRFLOW_CTX_DAG_EMAIL='test@test.com' AIRFLOW_CTX_DAG_OWNER='fraud_detector' AIRFLOW_CTX_DAG_ID='ETL_Fraud' AIRFLOW_CTX_TASK_ID='database_connection' AIRFLOW_CTX_EXECUTION_DATE='2024-07-24T00:35:00+00:00' AIRFLOW_CTX_TRY_NUMBER='1' AIRFLOW_CTX_DAG_RUN_ID='scheduled__2024-07-24T00:35:00+00:00'
[2024-07-24T05:37:01.802+0000] {taskinstance.py:430} INFO - ::endgroup::
[2024-07-24T05:37:01.803+0000] {subprocess.py:63} INFO - Tmp dir root location: /tmp
[2024-07-24T05:37:01.803+0000] {subprocess.py:75} INFO - Running command: ['/usr/bin/bash', '-c', 'echo "database_connection"']
[2024-07-24T05:37:01.915+0000] {subprocess.py:86} INFO - Output:
[2024-07-24T05:37:01.916+0000] {subprocess.py:93} INFO - database_connection
[2024-07-24T05:37:01.916+0000] {subprocess.py:97} INFO - Command exited with return code 0
[2024-07-24T05:37:01.917+0000] {taskinstance.py:441} INFO - ::group::Post task execution logs
[2024-07-24T05:37:02.097+0000] {taskinstance.py:1206} INFO - Marking task as SUCCESS. dag_id=ETL_Fraud, task_id=database_connection, run_id=scheduled__2024-07-24T00:35:00+00:00, execution_date=20240724T003500, start_date=20240724T053700, end_date=20240724T053702
[2024-07-24T05:37:02.160+0000] {local_task_job_runner.py:243} INFO - Task exited with return code 0
[2024-07-24T05:37:02.211+0000] {taskinstance.py:3503} INFO - 1 downstream tasks scheduled from follow-on schedule check
[2024-07-24T05:37:02.218+0000] {local_task_job_runner.py:222} INFO - ::endgroup::
[2024-07-24T09:51:47.251+0000] {local_task_job_runner.py:120} INFO - ::group::Pre task execution logs
[2024-07-24T09:51:47.549+0000] {taskinstance.py:2076} INFO - Dependencies all met for dep_context=non-requeueable deps ti=<TaskInstance: ETL_Fraud.database_connection scheduled__2024-07-24T00:35:00+00:00 [queued]>
[2024-07-24T09:51:47.680+0000] {taskinstance.py:2076} INFO - Dependencies all met for dep_context=requeueable deps ti=<TaskInstance: ETL_Fraud.database_connection scheduled__2024-07-24T00:35:00+00:00 [queued]>
[2024-07-24T09:51:47.681+0000] {taskinstance.py:2306} INFO - Starting attempt 1 of 2
[2024-07-24T09:51:47.784+0000] {taskinstance.py:2330} INFO - Executing <Task(BashOperator): database_connection> on 2024-07-24 00:35:00+00:00
[2024-07-24T09:51:47.801+0000] {warnings.py:112} WARNING - /home/***/.local/lib/python3.12/site-packages/***/task/task_runner/standard_task_runner.py:62: DeprecationWarning: This process (pid=75) is multi-threaded, use of fork() may lead to deadlocks in the child.
  pid = os.fork()

[2024-07-24T09:51:47.804+0000] {standard_task_runner.py:64} INFO - Started process 107 to run task
[2024-07-24T09:51:47.921+0000] {standard_task_runner.py:90} INFO - Running: ['***', 'tasks', 'run', 'ETL_Fraud', 'database_connection', 'scheduled__2024-07-24T00:35:00+00:00', '--job-id', '5', '--raw', '--subdir', 'DAGS_FOLDER/server_DAG.py', '--cfg-path', '/tmp/tmpmaxzp1pt']
[2024-07-24T09:51:47.933+0000] {standard_task_runner.py:91} INFO - Job 5: Subtask database_connection
[2024-07-24T09:51:48.735+0000] {task_command.py:426} INFO - Running <TaskInstance: ETL_Fraud.database_connection scheduled__2024-07-24T00:35:00+00:00 [running]> on host 0542575fe516
[2024-07-24T09:51:53.649+0000] {taskinstance.py:2648} INFO - Exporting env vars: AIRFLOW_CTX_DAG_EMAIL='test@test.com' AIRFLOW_CTX_DAG_OWNER='fraud_detector' AIRFLOW_CTX_DAG_ID='ETL_Fraud' AIRFLOW_CTX_TASK_ID='database_connection' AIRFLOW_CTX_EXECUTION_DATE='2024-07-24T00:35:00+00:00' AIRFLOW_CTX_TRY_NUMBER='1' AIRFLOW_CTX_DAG_RUN_ID='scheduled__2024-07-24T00:35:00+00:00'
[2024-07-24T09:51:53.654+0000] {taskinstance.py:430} INFO - ::endgroup::
[2024-07-24T09:51:53.655+0000] {subprocess.py:63} INFO - Tmp dir root location: /tmp
[2024-07-24T09:51:53.681+0000] {subprocess.py:75} INFO - Running command: ['/usr/bin/bash', '-c', 'echo "database_connection"']
[2024-07-24T09:51:53.921+0000] {subprocess.py:86} INFO - Output:
[2024-07-24T09:51:53.960+0000] {subprocess.py:93} INFO - database_connection
[2024-07-24T09:51:53.964+0000] {subprocess.py:97} INFO - Command exited with return code 0
[2024-07-24T09:51:53.968+0000] {taskinstance.py:441} INFO - ::group::Post task execution logs
[2024-07-24T09:51:54.161+0000] {taskinstance.py:1206} INFO - Marking task as SUCCESS. dag_id=ETL_Fraud, task_id=database_connection, run_id=scheduled__2024-07-24T00:35:00+00:00, execution_date=20240724T003500, start_date=20240724T095147, end_date=20240724T095154
[2024-07-24T09:51:54.383+0000] {local_task_job_runner.py:243} INFO - Task exited with return code 0
[2024-07-24T09:51:54.406+0000] {local_task_job_runner.py:222} INFO - ::endgroup::
