[2024-07-24T09:54:42.840+0000] {local_task_job_runner.py:120} INFO - ::group::Pre task execution logs
[2024-07-24T09:54:42.906+0000] {taskinstance.py:2076} INFO - Dependencies all met for dep_context=non-requeueable deps ti=<TaskInstance: ETL_Fraud.gRPC_connection scheduled__2024-07-24T09:00:00+00:00 [queued]>
[2024-07-24T09:54:42.923+0000] {taskinstance.py:2076} INFO - Dependencies all met for dep_context=requeueable deps ti=<TaskInstance: ETL_Fraud.gRPC_connection scheduled__2024-07-24T09:00:00+00:00 [queued]>
[2024-07-24T09:54:42.928+0000] {taskinstance.py:2306} INFO - Starting attempt 1 of 2
[2024-07-24T09:54:42.969+0000] {taskinstance.py:2330} INFO - Executing <Task(BashOperator): gRPC_connection> on 2024-07-24 09:00:00+00:00
[2024-07-24T09:54:42.996+0000] {warnings.py:112} WARNING - /home/***/.local/lib/python3.12/site-packages/***/task/task_runner/standard_task_runner.py:62: DeprecationWarning: This process (pid=959) is multi-threaded, use of fork() may lead to deadlocks in the child.
  pid = os.fork()

[2024-07-24T09:54:42.998+0000] {standard_task_runner.py:64} INFO - Started process 993 to run task
[2024-07-24T09:54:43.013+0000] {standard_task_runner.py:90} INFO - Running: ['***', 'tasks', 'run', 'ETL_Fraud', 'gRPC_connection', 'scheduled__2024-07-24T09:00:00+00:00', '--job-id', '225', '--raw', '--subdir', 'DAGS_FOLDER/server_DAG.py', '--cfg-path', '/tmp/tmpb626wvul']
[2024-07-24T09:54:43.030+0000] {standard_task_runner.py:91} INFO - Job 225: Subtask gRPC_connection
[2024-07-24T09:54:43.116+0000] {task_command.py:426} INFO - Running <TaskInstance: ETL_Fraud.gRPC_connection scheduled__2024-07-24T09:00:00+00:00 [running]> on host 0542575fe516
[2024-07-24T09:54:43.376+0000] {taskinstance.py:2648} INFO - Exporting env vars: AIRFLOW_CTX_DAG_EMAIL='test@test.com' AIRFLOW_CTX_DAG_OWNER='fraud_detector' AIRFLOW_CTX_DAG_ID='ETL_Fraud' AIRFLOW_CTX_TASK_ID='gRPC_connection' AIRFLOW_CTX_EXECUTION_DATE='2024-07-24T09:00:00+00:00' AIRFLOW_CTX_TRY_NUMBER='1' AIRFLOW_CTX_DAG_RUN_ID='scheduled__2024-07-24T09:00:00+00:00'
[2024-07-24T09:54:43.378+0000] {taskinstance.py:430} INFO - ::endgroup::
[2024-07-24T09:54:43.379+0000] {subprocess.py:63} INFO - Tmp dir root location: /tmp
[2024-07-24T09:54:43.381+0000] {subprocess.py:75} INFO - Running command: ['/usr/bin/bash', '-c', 'echo "gRPC_connection"']
[2024-07-24T09:54:43.400+0000] {subprocess.py:86} INFO - Output:
[2024-07-24T09:54:43.404+0000] {subprocess.py:93} INFO - gRPC_connection
[2024-07-24T09:54:43.405+0000] {subprocess.py:97} INFO - Command exited with return code 0
[2024-07-24T09:54:43.406+0000] {taskinstance.py:441} INFO - ::group::Post task execution logs
[2024-07-24T09:54:43.465+0000] {taskinstance.py:1206} INFO - Marking task as SUCCESS. dag_id=ETL_Fraud, task_id=gRPC_connection, run_id=scheduled__2024-07-24T09:00:00+00:00, execution_date=20240724T090000, start_date=20240724T095442, end_date=20240724T095443
[2024-07-24T09:54:43.525+0000] {local_task_job_runner.py:243} INFO - Task exited with return code 0
[2024-07-24T09:54:43.546+0000] {taskinstance.py:3503} INFO - 0 downstream tasks scheduled from follow-on schedule check
[2024-07-24T09:54:43.548+0000] {local_task_job_runner.py:222} INFO - ::endgroup::
