[2024-07-24T09:54:53.783+0000] {local_task_job_runner.py:120} INFO - ::group::Pre task execution logs
[2024-07-24T09:54:53.805+0000] {taskinstance.py:2076} INFO - Dependencies all met for dep_context=non-requeueable deps ti=<TaskInstance: ETL_Fraud.gRPC_connection scheduled__2024-07-24T09:45:00+00:00 [queued]>
[2024-07-24T09:54:53.812+0000] {taskinstance.py:2076} INFO - Dependencies all met for dep_context=requeueable deps ti=<TaskInstance: ETL_Fraud.gRPC_connection scheduled__2024-07-24T09:45:00+00:00 [queued]>
[2024-07-24T09:54:53.812+0000] {taskinstance.py:2306} INFO - Starting attempt 1 of 2
[2024-07-24T09:54:53.826+0000] {taskinstance.py:2330} INFO - Executing <Task(BashOperator): gRPC_connection> on 2024-07-24 09:45:00+00:00
[2024-07-24T09:54:53.834+0000] {warnings.py:112} WARNING - /home/***/.local/lib/python3.12/site-packages/***/task/task_runner/standard_task_runner.py:62: DeprecationWarning: This process (pid=1048) is multi-threaded, use of fork() may lead to deadlocks in the child.
  pid = os.fork()

[2024-07-24T09:54:53.836+0000] {standard_task_runner.py:64} INFO - Started process 1058 to run task
[2024-07-24T09:54:53.837+0000] {standard_task_runner.py:90} INFO - Running: ['***', 'tasks', 'run', 'ETL_Fraud', 'gRPC_connection', 'scheduled__2024-07-24T09:45:00+00:00', '--job-id', '242', '--raw', '--subdir', 'DAGS_FOLDER/server_DAG.py', '--cfg-path', '/tmp/tmph9b94xkg']
[2024-07-24T09:54:53.839+0000] {standard_task_runner.py:91} INFO - Job 242: Subtask gRPC_connection
[2024-07-24T09:54:53.888+0000] {task_command.py:426} INFO - Running <TaskInstance: ETL_Fraud.gRPC_connection scheduled__2024-07-24T09:45:00+00:00 [running]> on host 0542575fe516
[2024-07-24T09:54:53.989+0000] {taskinstance.py:2648} INFO - Exporting env vars: AIRFLOW_CTX_DAG_EMAIL='test@test.com' AIRFLOW_CTX_DAG_OWNER='fraud_detector' AIRFLOW_CTX_DAG_ID='ETL_Fraud' AIRFLOW_CTX_TASK_ID='gRPC_connection' AIRFLOW_CTX_EXECUTION_DATE='2024-07-24T09:45:00+00:00' AIRFLOW_CTX_TRY_NUMBER='1' AIRFLOW_CTX_DAG_RUN_ID='scheduled__2024-07-24T09:45:00+00:00'
[2024-07-24T09:54:53.990+0000] {taskinstance.py:430} INFO - ::endgroup::
[2024-07-24T09:54:53.991+0000] {subprocess.py:63} INFO - Tmp dir root location: /tmp
[2024-07-24T09:54:53.992+0000] {subprocess.py:75} INFO - Running command: ['/usr/bin/bash', '-c', 'echo "gRPC_connection"']
[2024-07-24T09:54:54.005+0000] {subprocess.py:86} INFO - Output:
[2024-07-24T09:54:54.008+0000] {subprocess.py:93} INFO - gRPC_connection
[2024-07-24T09:54:54.008+0000] {subprocess.py:97} INFO - Command exited with return code 0
[2024-07-24T09:54:54.009+0000] {taskinstance.py:441} INFO - ::group::Post task execution logs
[2024-07-24T09:54:54.034+0000] {taskinstance.py:1206} INFO - Marking task as SUCCESS. dag_id=ETL_Fraud, task_id=gRPC_connection, run_id=scheduled__2024-07-24T09:45:00+00:00, execution_date=20240724T094500, start_date=20240724T095453, end_date=20240724T095454
[2024-07-24T09:54:54.094+0000] {local_task_job_runner.py:243} INFO - Task exited with return code 0
[2024-07-24T09:54:54.113+0000] {taskinstance.py:3503} INFO - 0 downstream tasks scheduled from follow-on schedule check
[2024-07-24T09:54:54.115+0000] {local_task_job_runner.py:222} INFO - ::endgroup::
