[2024-07-23T04:24:59.805+0000] {processor.py:161} INFO - Started process (PID=53) to work on /home/airflow/.local/lib/python3.12/site-packages/airflow/example_dags/example_datasets.py
[2024-07-23T04:24:59.806+0000] {processor.py:830} INFO - Processing file /home/airflow/.local/lib/python3.12/site-packages/airflow/example_dags/example_datasets.py for tasks to queue
[2024-07-23T04:24:59.808+0000] {logging_mixin.py:188} INFO - [2024-07-23T04:24:59.807+0000] {dagbag.py:545} INFO - Filling up the DagBag from /home/airflow/.local/lib/python3.12/site-packages/airflow/example_dags/example_datasets.py
[2024-07-23T04:24:59.842+0000] {processor.py:840} INFO - DAG(s) 'dataset_consumes_unknown_never_scheduled', 'consume_1_or_2_with_dataset_expressions', 'consume_1_or_both_2_and_3_with_dataset_expressions', 'dataset_consumes_1', 'dataset_produces_2', 'dataset_consumes_1_and_2', 'dataset_produces_1', 'conditional_dataset_and_time_based_timetable', 'consume_1_and_2_with_dataset_expressions', 'dataset_consumes_1_never_scheduled' retrieved from /home/airflow/.local/lib/python3.12/site-packages/airflow/example_dags/example_datasets.py
[2024-07-23T04:24:59.863+0000] {logging_mixin.py:188} INFO - [2024-07-23T04:24:59.863+0000] {dag.py:3089} INFO - Sync 10 DAGs
[2024-07-23T04:24:59.895+0000] {logging_mixin.py:188} INFO - [2024-07-23T04:24:59.895+0000] {dag.py:3947} INFO - Setting next_dagrun for conditional_dataset_and_time_based_timetable to 2024-07-17 01:00:00+00:00, run_after=2024-07-17 01:00:00+00:00
[2024-07-23T04:24:59.900+0000] {logging_mixin.py:188} INFO - [2024-07-23T04:24:59.899+0000] {dag.py:3947} INFO - Setting next_dagrun for consume_1_and_2_with_dataset_expressions to None, run_after=None
[2024-07-23T04:24:59.901+0000] {logging_mixin.py:188} INFO - [2024-07-23T04:24:59.901+0000] {dag.py:3947} INFO - Setting next_dagrun for consume_1_or_2_with_dataset_expressions to None, run_after=None
[2024-07-23T04:24:59.903+0000] {logging_mixin.py:188} INFO - [2024-07-23T04:24:59.903+0000] {dag.py:3947} INFO - Setting next_dagrun for consume_1_or_both_2_and_3_with_dataset_expressions to None, run_after=None
[2024-07-23T04:24:59.905+0000] {logging_mixin.py:188} INFO - [2024-07-23T04:24:59.904+0000] {dag.py:3947} INFO - Setting next_dagrun for dataset_consumes_1 to None, run_after=None
[2024-07-23T04:24:59.907+0000] {logging_mixin.py:188} INFO - [2024-07-23T04:24:59.906+0000] {dag.py:3947} INFO - Setting next_dagrun for dataset_consumes_1_and_2 to None, run_after=None
[2024-07-23T04:24:59.908+0000] {logging_mixin.py:188} INFO - [2024-07-23T04:24:59.908+0000] {dag.py:3947} INFO - Setting next_dagrun for dataset_consumes_1_never_scheduled to None, run_after=None
[2024-07-23T04:24:59.910+0000] {logging_mixin.py:188} INFO - [2024-07-23T04:24:59.910+0000] {dag.py:3947} INFO - Setting next_dagrun for dataset_consumes_unknown_never_scheduled to None, run_after=None
[2024-07-23T04:24:59.913+0000] {logging_mixin.py:188} INFO - [2024-07-23T04:24:59.913+0000] {dag.py:3947} INFO - Setting next_dagrun for dataset_produces_1 to 2024-07-22 00:00:00+00:00, run_after=2024-07-23 00:00:00+00:00
[2024-07-23T04:24:59.915+0000] {logging_mixin.py:188} INFO - [2024-07-23T04:24:59.914+0000] {dag.py:3947} INFO - Setting next_dagrun for dataset_produces_2 to None, run_after=None
[2024-07-23T04:24:59.959+0000] {processor.py:183} INFO - Processing /home/airflow/.local/lib/python3.12/site-packages/airflow/example_dags/example_datasets.py took 0.174 seconds
[2024-07-23T04:25:31.146+0000] {processor.py:161} INFO - Started process (PID=112) to work on /home/airflow/.local/lib/python3.12/site-packages/airflow/example_dags/example_datasets.py
[2024-07-23T04:25:31.147+0000] {processor.py:830} INFO - Processing file /home/airflow/.local/lib/python3.12/site-packages/airflow/example_dags/example_datasets.py for tasks to queue
[2024-07-23T04:25:31.149+0000] {logging_mixin.py:188} INFO - [2024-07-23T04:25:31.148+0000] {dagbag.py:545} INFO - Filling up the DagBag from /home/airflow/.local/lib/python3.12/site-packages/airflow/example_dags/example_datasets.py
[2024-07-23T04:25:31.163+0000] {processor.py:840} INFO - DAG(s) 'consume_1_and_2_with_dataset_expressions', 'dataset_consumes_unknown_never_scheduled', 'dataset_produces_2', 'dataset_consumes_1', 'consume_1_or_2_with_dataset_expressions', 'dataset_consumes_1_and_2', 'dataset_produces_1', 'conditional_dataset_and_time_based_timetable', 'consume_1_or_both_2_and_3_with_dataset_expressions', 'dataset_consumes_1_never_scheduled' retrieved from /home/airflow/.local/lib/python3.12/site-packages/airflow/example_dags/example_datasets.py
[2024-07-23T04:25:31.434+0000] {logging_mixin.py:188} INFO - [2024-07-23T04:25:31.433+0000] {dag.py:3089} INFO - Sync 10 DAGs
[2024-07-23T04:25:31.460+0000] {logging_mixin.py:188} INFO - [2024-07-23T04:25:31.460+0000] {dag.py:3947} INFO - Setting next_dagrun for conditional_dataset_and_time_based_timetable to 2024-07-17 01:00:00+00:00, run_after=2024-07-17 01:00:00+00:00
[2024-07-23T04:25:31.463+0000] {logging_mixin.py:188} INFO - [2024-07-23T04:25:31.463+0000] {dag.py:3947} INFO - Setting next_dagrun for consume_1_and_2_with_dataset_expressions to None, run_after=None
[2024-07-23T04:25:31.464+0000] {logging_mixin.py:188} INFO - [2024-07-23T04:25:31.464+0000] {dag.py:3947} INFO - Setting next_dagrun for consume_1_or_2_with_dataset_expressions to None, run_after=None
[2024-07-23T04:25:31.465+0000] {logging_mixin.py:188} INFO - [2024-07-23T04:25:31.465+0000] {dag.py:3947} INFO - Setting next_dagrun for consume_1_or_both_2_and_3_with_dataset_expressions to None, run_after=None
[2024-07-23T04:25:31.466+0000] {logging_mixin.py:188} INFO - [2024-07-23T04:25:31.466+0000] {dag.py:3947} INFO - Setting next_dagrun for dataset_consumes_1 to None, run_after=None
[2024-07-23T04:25:31.468+0000] {logging_mixin.py:188} INFO - [2024-07-23T04:25:31.467+0000] {dag.py:3947} INFO - Setting next_dagrun for dataset_consumes_1_and_2 to None, run_after=None
[2024-07-23T04:25:31.469+0000] {logging_mixin.py:188} INFO - [2024-07-23T04:25:31.468+0000] {dag.py:3947} INFO - Setting next_dagrun for dataset_consumes_1_never_scheduled to None, run_after=None
[2024-07-23T04:25:31.470+0000] {logging_mixin.py:188} INFO - [2024-07-23T04:25:31.470+0000] {dag.py:3947} INFO - Setting next_dagrun for dataset_consumes_unknown_never_scheduled to None, run_after=None
[2024-07-23T04:25:31.472+0000] {logging_mixin.py:188} INFO - [2024-07-23T04:25:31.472+0000] {dag.py:3947} INFO - Setting next_dagrun for dataset_produces_1 to 2024-07-22 00:00:00+00:00, run_after=2024-07-23 00:00:00+00:00
[2024-07-23T04:25:31.473+0000] {logging_mixin.py:188} INFO - [2024-07-23T04:25:31.473+0000] {dag.py:3947} INFO - Setting next_dagrun for dataset_produces_2 to None, run_after=None
[2024-07-23T04:25:31.509+0000] {processor.py:183} INFO - Processing /home/airflow/.local/lib/python3.12/site-packages/airflow/example_dags/example_datasets.py took 0.370 seconds
